<?xml version="1.0" encoding="UTF-8"?>
<!-- Generated by org.testng.reporters.JUnitXMLReporter -->
<testsuite hostname="DESKTOP-MC2LVVL" ignored="0" name="Command line test" tests="6" failures="0" timestamp="20 May 2022 05:56:10 GMT" time="0.28" errors="0">
  <testcase name="iOSApp" time="0.05" classname="qaclickacademy.AppiumTest"/>
  <testcase name="nativeApAndroid" time="0.001" classname="qaclickacademy.AppiumTest"/>
  <testcase name="deleteTwiter" time="0.001" classname="qaclickacademy.RESTAPITest"/>
  <testcase name="postJira" time="0.001" classname="qaclickacademy.RESTAPITest"/>
  <testcase name="browserAutomatio" time="0.001" classname="qaclickacademy.SeleniumTest"/>
  <testcase name="elements" time="0.0" classname="qaclickacademy.SeleniumTest"/>
</testsuite> <!-- Command line test -->
