<?xml version="1.0" encoding="UTF-8"?>
<!-- Generated by org.testng.reporters.JUnitXMLReporter -->
<testsuite hostname="DESKTOP-MC2LVVL" ignored="0" name="Test" tests="4" failures="0" timestamp="11 May 2022 14:25:27 GMT" time="0.21" errors="0">
  <testcase name="browserAutomatio" time="0.107" classname="qaclickacademy.SeleniumTest"/>
  <testcase name="elements" time="0.001" classname="qaclickacademy.SeleniumTest"/>
  <testcase name="deleteTwiter" time="0.001" classname="qaclickacademy.RESTAPITest"/>
  <testcase name="postJira" time="0.0" classname="qaclickacademy.RESTAPITest"/>
</testsuite> <!-- Test -->
